 IC 1 GGM
 Means :  0.000000 4.095377 -2.741498 

 Vars. :  1.000000 6.435428 1.539888 

 Prop. :  0.791432 0.157863 0.050706 


 IC 2 GGM
 Means :  0.000000 2.569285 -2.453211 

 Vars. :  1.000000 2.182388 1.951513 

 Prop. :  0.913378 0.059157 0.027465 


 IC 3 GGM
 Means :  0.000000 3.445150 -2.693446 

 Vars. :  1.000000 5.863419 2.848306 

 Prop. :  0.956786 0.020677 0.022538 


 IC 4 GGM
 Means :  0.000000 3.265164 -2.871011 

 Vars. :  1.000000 5.275382 3.539588 

 Prop. :  0.957369 0.021052 0.021578 


 IC 5 GGM
 Means :  0.000000 2.463206 -2.279385 

 Vars. :  1.000000 1.772145 1.290961 

 Prop. :  0.874207 0.071385 0.054408 


 IC 6 GGM
 Means :  -0.000000 3.329618 -2.183262 

 Vars. :  1.000000 3.539137 0.802727 

 Prop. :  0.823400 0.141759 0.034841 


 IC 7 GGM
 Means :  -0.000000 3.171107 -2.691878 

 Vars. :  1.000000 4.087443 0.571104 

 Prop. :  0.865951 0.115060 0.018989 


 IC 8 GGM
 Means :  0.000000 3.498901 -3.009424 

 Vars. :  1.000000 5.368924 0.455699 

 Prop. :  0.921520 0.070699 0.007781 


 IC 9 GGM
 Means :  0.000000 2.408486 -2.346649 

 Vars. :  1.000000 1.613968 1.155482 

 Prop. :  0.898049 0.075915 0.026036 


 IC 10 GGM
 Means :  0.000000 2.804553 -2.260811 

 Vars. :  1.000000 2.933308 1.372187 

 Prop. :  0.905631 0.074405 0.019964 


 IC 11 GGM
 Means :  0.000000 2.694024 -2.460883 

 Vars. :  1.000000 2.308988 0.537284 

 Prop. :  0.867976 0.120085 0.011939 


 IC 12 GGM
 Means :  -0.000000 2.743932 -2.510392 

 Vars. :  1.000000 2.960697 1.058966 

 Prop. :  0.943661 0.030060 0.026279 


 IC 13 GGM
 Means :  0.000000 2.274031 -2.482277 

 Vars. :  1.000000 1.234969 1.099550 

 Prop. :  0.895747 0.076252 0.028001 


 IC 14 GGM
 Means :  -0.000000 2.989064 -2.922333 

 Vars. :  1.000000 3.174866 0.229686 

 Prop. :  0.919256 0.077313 0.003430 


 IC 15 GGM
 Means :  0.000000 2.997534 -2.793279 

 Vars. :  1.000000 3.698000 1.121033 

 Prop. :  0.913374 0.072499 0.014127 


 IC 16 GGM
 Means :  -0.000000 2.529836 -2.145413 

 Vars. :  1.000000 1.229156 0.501725 

 Prop. :  0.852009 0.119818 0.028173 


 IC 17 GGM
 Means :  0.000000 2.539915 -2.035230 

 Vars. :  1.000000 1.837593 0.663138 

 Prop. :  0.857155 0.114485 0.028360 


 IC 18 GGM
 Means :  -0.000000 2.965431 -1.681315 

 Vars. :  1.000000 3.500660 0.000187 

 Prop. :  0.918952 0.081048 0.000000 


 IC 19 GGM
 Means :  0.000000 2.385454 -2.773281 

 Vars. :  1.000000 1.666324 1.112074 

 Prop. :  0.938045 0.049227 0.012728 


 IC 20 GGM
 Means :  0.000000 2.376244 -2.162899 

 Vars. :  1.000000 1.441003 1.030659 

 Prop. :  0.878297 0.096305 0.025398 


 IC 21 GGM
 Means :  0.000000 2.824099 -2.490865 

 Vars. :  1.000000 2.668886 0.217922 

 Prop. :  0.861773 0.134014 0.004213 


 IC 22 GGM
 Means :  -0.000000 2.436402 -2.057630 

 Vars. :  1.000000 1.542302 0.710222 

 Prop. :  0.856001 0.111929 0.032071 


 IC 23 GGM
 Means :  -0.000000 2.710165 -2.462188 

 Vars. :  1.000000 2.372472 0.606282 

 Prop. :  0.873528 0.118177 0.008295 


 IC 24 GGM
 Means :  0.000000 2.525024 -2.029623 

 Vars. :  1.000000 1.172304 0.731024 

 Prop. :  0.900630 0.084639 0.014731 


 IC 25 GGM
 Means :  0.000000 2.845879 -2.541709 

 Vars. :  1.000000 2.803983 0.551880 

 Prop. :  0.870288 0.123724 0.005988 


 IC 26 GGM
 Means :  0.000000 2.357763 -2.219267 

 Vars. :  1.000000 1.493187 1.223189 

 Prop. :  0.906335 0.069226 0.024439 


 IC 27 GGM
 Means :  0.000000 2.645124 -2.922372 

 Vars. :  1.000000 2.512468 0.615732 

 Prop. :  0.942995 0.048446 0.008558 


 IC 28 GGM
 Means :  -0.000000 2.330243 -2.719895 

 Vars. :  1.000000 1.547665 0.876273 

 Prop. :  0.945178 0.037014 0.017807 


 IC 29 GGM
 Means :  -0.000000 2.385663 -2.255890 

 Vars. :  1.000000 1.558126 0.497432 

 Prop. :  0.906510 0.074169 0.019321 


 IC 30 GGM
 Means :  0.000000 2.251412 -1.976124 

 Vars. :  1.000000 1.231640 0.604681 

 Prop. :  0.917946 0.059233 0.022820 


